AlarmApp/build/outputs/logs/manifest-merger-debug-report.txt
-- Merging decision tree log ---
manifest
ADDED from AndroidStudioProjects\AndroidPubSub\AndroidManifest.xml:2:1-27:12
INJECTED from AndroidStudioProjects\AndroidPubSub\AndroidManifest.xml:2:1-27:12
INJECTED from AndroidStudioProjects\AndroidPubSub\AndroidManifest.xml:2:1-27:12
MERGED from [com.android.support:appcompat-v7:22.1.0] AndroidManifest.xml:17:1-24:12
MERGED from [com.android.support:support-v4:22.1.0] AndroidManifest.xml:17:1-24:12
INJECTED from AndroidStudioProjects\AndroidPubSub\AndroidManifest.xml:2:1-27:12
INJECTED from AndroidStudioProjects\AndroidPubSub\AndroidManifest.xml:2:1-27:12
	package
		ADDED from AndroidStudioProjects\AndroidPubSub\AndroidManifest.xml:3:5-47
	android:versionName
		ADDED from AndroidStudioProjects\AndroidPubSub\AndroidManifest.xml:6:5-30
		INJECTED from AndroidStudioProjects\AndroidPubSub\AndroidManifest.xml
		INJECTED from AndroidStudioProjects\AndroidPubSub\AndroidManifest.xml
	xmlns:android
		ADDED from AndroidStudioProjects\AndroidPubSub\AndroidManifest.xml:2:11-69
	android:versionCode
		ADDED from AndroidStudioProjects\AndroidPubSub\AndroidManifest.xml:5:5-28
		INJECTED from AndroidStudioProjects\AndroidPubSub\AndroidManifest.xml
		INJECTED from AndroidStudioProjects\AndroidPubSub\AndroidManifest.xml
uses-sdk
ADDED from AndroidStudioProjects\AndroidPubSub\AndroidManifest.xml:8:5-10:41
INJECTED from AndroidStudioProjects\AndroidPubSub\AndroidManifest.xml:8:5-10:41
INJECTED from AndroidStudioProjects\AndroidPubSub\AndroidManifest.xml:8:5-10:41
MERGED from [com.android.support:appcompat-v7:22.1.0] AndroidManifest.xml:20:5-43
MERGED from [com.android.support:appcompat-v7:22.1.0] AndroidManifest.xml:20:5-43
MERGED from [com.android.support:support-v4:22.1.0] AndroidManifest.xml:20:5-43
MERGED from [com.android.support:support-v4:22.1.0] AndroidManifest.xml:20:5-43
INJECTED from AndroidStudioProjects\AndroidPubSub\AndroidManifest.xml:8:5-10:41
INJECTED from AndroidStudioProjects\AndroidPubSub\AndroidManifest.xml:8:5-10:41
	android:targetSdkVersion
		ADDED from AndroidStudioProjects\AndroidPubSub\AndroidManifest.xml:10:9-38
		INJECTED from AndroidStudioProjects\AndroidPubSub\AndroidManifest.xml
		INJECTED from AndroidStudioProjects\AndroidPubSub\AndroidManifest.xml
	android:minSdkVersion
		ADDED from AndroidStudioProjects\AndroidPubSub\AndroidManifest.xml:9:9-35
		INJECTED from AndroidStudioProjects\AndroidPubSub\AndroidManifest.xml
		INJECTED from AndroidStudioProjects\AndroidPubSub\AndroidManifest.xml
uses-permission#android.permission.INTERNET
ADDED from AndroidStudioProjects\AndroidPubSub\AndroidManifest.xml:12:5-67
	android:name
		ADDED from AndroidStudioProjects\AndroidPubSub\AndroidManifest.xml:12:22-64
uses-permission#android.permission.WAKE_LOCK
ADDED from AndroidStudioProjects\AndroidPubSub\AndroidManifest.xml:13:5-84
	android:name
		ADDED from AndroidStudioProjects\AndroidPubSub\AndroidManifest.xml:13:22-65
application
ADDED from AndroidStudioProjects\AndroidPubSub\AndroidManifest.xml:14:5-25:19
MERGED from [com.android.support:appcompat-v7:22.1.0] AndroidManifest.xml:22:5-20
MERGED from [com.android.support:appcompat-v7:22.1.0] AndroidManifest.xml:22:5-20
MERGED from [com.android.support:support-v4:22.1.0] AndroidManifest.xml:22:5-20
MERGED from [com.android.support:support-v4:22.1.0] AndroidManifest.xml:22:5-20
	android:label
		ADDED from AndroidStudioProjects\AndroidPubSub\AndroidManifest.xml:17:9-41
	android:icon
		ADDED from AndroidStudioProjects\AndroidPubSub\AndroidManifest.xml:16:9-45
	android:allowBackup
		ADDED from AndroidStudioProjects\AndroidPubSub\AndroidManifest.xml:15:9-35
activity#com.amazonaws.demo.androidpubsub.MainActivity
ADDED from AndroidStudioProjects\AndroidPubSub\AndroidManifest.xml:18:9-23:20
	android:name
		ADDED from AndroidStudioProjects\AndroidPubSub\AndroidManifest.xml:18:19-79
intent-filter#android.intent.action.MAIN+android.intent.category.LAUNCHER
ADDED from AndroidStudioProjects\AndroidPubSub\AndroidManifest.xml:19:13-22:29
action#android.intent.action.MAIN
ADDED from AndroidStudioProjects\AndroidPubSub\AndroidManifest.xml:20:17-69
	android:name
		ADDED from AndroidStudioProjects\AndroidPubSub\AndroidManifest.xml:20:25-66
category#android.intent.category.LAUNCHER
ADDED from AndroidStudioProjects\AndroidPubSub\AndroidManifest.xml:21:17-77
	android:name
		ADDED from AndroidStudioProjects\AndroidPubSub\AndroidManifest.xml:21:27-74
receiver#com.amazonaws.demo.androidpubsub.AlarmReceiver
ADDED from AndroidStudioProjects\AndroidPubSub\AndroidManifest.xml:24:9-50
	android:name
		ADDED from AndroidStudioProjects\AndroidPubSub\AndroidManifest.xml:24:19-48